-------------------------------------------------------------------------------
Test set: ie.gmit.CalculatorTest
-------------------------------------------------------------------------------
Tests run: 1, Failures: 1, Errors: 0, Skipped: 0, Time elapsed: 0.141 s <<< FAILURE! - in ie.gmit.CalculatorTest
testAdd  Time elapsed: 0.095 s  <<< FAILURE!
org.opentest4j.AssertionFailedError: expected: <60.0> but was: <59.0>
	at ie.gmit.CalculatorTest.testAdd(CalculatorTest.java:13)

